#
# There is insufficient memory for the Java Runtime Environment to continue.
# Native memory allocation (mmap) failed to map 268435456 bytes. Error detail: G1 virtual space
# Possible reasons:
#   The system is out of physical RAM or swap space
#   This process is running with CompressedOops enabled, and the Java Heap may be blocking the growth of the native heap
# Possible solutions:
#   Reduce memory load on the system
#   Increase physical memory or swap space
#   Check if swap backing store is full
#   Decrease Java heap size (-Xmx/-Xms)
#   Decrease number of Java threads
#   Decrease Java thread stack sizes (-Xss)
#   Set larger code cache with -XX:ReservedCodeCacheSize=
#   JVM is running with Zero Based Compressed Oops mode in which the Java heap is
#     placed in the first 32GB address space. The Java Heap base address is the
#     maximum limit for the native heap growth. Please use -XX:HeapBaseMinAddress
#     to set the Java Heap base and to place the Java Heap above 32GB virtual address.
# This output file may be truncated or incomplete.
#
#  Out of Memory Error (os_windows.cpp:3703), pid=12148, tid=7024
#
# JRE version:  (23.0+37) (build )
# Java VM: OpenJDK 64-Bit Server VM (23+37-2369, mixed mode, sharing, tiered, compressed oops, compressed class ptrs, g1 gc, windows-amd64)
# No core dump will be written. Minidumps are not enabled by default on client versions of Windows
#

---------------  S U M M A R Y ------------

Command Line: -javaagent:C:\Program Files\JetBrains\IntelliJ IDEA 2024.2.2\lib\idea_rt.jar=51974:C:\Program Files\JetBrains\IntelliJ IDEA 2024.2.2\bin -Dfile.encoding=UTF-8 -Dsun.stdout.encoding=UTF-8 -Dsun.stderr.encoding=UTF-8 Main

Host: Intel(R) Core(TM) i7-4710HQ CPU @ 2.50GHz, 8 cores, 15G,  Windows 7 , 64 bit Build 7601 (6.1.7601.24545)
Time: Sat Sep 21 11:04:27 2024 GTB Daylight Time elapsed time: 0.111229 seconds (0d 0h 0m 0s)

---------------  T H R E A D  ---------------

Current thread (0x0000000000407520):  JavaThread "Unknown thread" [_thread_in_vm, id=7024, stack(0x0000000001ee0000,0x0000000001fe0000) (1024K)]

Stack: [0x0000000001ee0000,0x0000000001fe0000]
Native frames: (J=compiled Java code, j=interpreted, Vv=VM code, C=native code)
V  [jvm.dll+0x6e08a9]  (no source info available)
V  [jvm.dll+0x87da63]  (no source info available)
V  [jvm.dll+0x87feee]  (no source info available)
V  [jvm.dll+0x8805c3]  (no source info available)
V  [jvm.dll+0x27aee6]  (no source info available)
V  [jvm.dll+0x6dd1b5]  (no source info available)
V  [jvm.dll+0x6d103a]  (no source info available)
V  [jvm.dll+0x35b3ea]  (no source info available)
V  [jvm.dll+0x3637f6]  (no source info available)
V  [jvm.dll+0x34fd5e]  (no source info available)
V  [jvm.dll+0x34fff8]  (no source info available)
V  [jvm.dll+0x3289cc]  (no source info available)
V  [jvm.dll+0x32966e]  (no source info available)
V  [jvm.dll+0x8442e5]  (no source info available)
V  [jvm.dll+0x3b9848]  (no source info available)
V  [jvm.dll+0x82d0dc]  (no source info available)
V  [jvm.dll+0x454d4e]  (no source info available)
V  [jvm.dll+0x456bd1]  (no source info available)
C  [jli.dll+0x52a3]  (no source info available)
C  [ucrtbase.DLL+0x29363]  (no source info available)
C  [kernel32.dll+0x1556d]  (no source info available)
C  [ntdll.dll+0x5372d]  (no source info available)

Lock stack of current Java thread (top to bottom):


---------------  P R O C E S S  ---------------

Threads class SMR info:
_java_thread_list=0x000007fec3513618, length=0, elements={
}

Java Threads: ( => current thread )
Total: 0

Other Threads:
  0x000000000af716e0 WorkerThread "GC Thread#0"                     [id=15480, stack(0x000000000cab0000,0x000000000cbb0000) (1024K)]
  0x000000000af7fbd0 ConcurrentGCThread "G1 Main Marker"            [id=8568, stack(0x000000000cbc0000,0x000000000ccc0000) (1024K)]
  0x000000000af804f0 WorkerThread "G1 Conc#0"                       [id=14728, stack(0x000000000ce60000,0x000000000cf60000) (1024K)]

[error occurred during error reporting (printing all threads), id 0xc0000005, EXCEPTION_ACCESS_VIOLATION (0xc0000005) at pc=0x000007fec2c5bfba]
VM state: not at safepoint (not fully initialized)

VM Mutex/Monitor currently owned by a thread:  ([mutex/lock_event])
[0x000007fec3593a10] Heap_lock - owner thread: 0x0000000000407520

Heap address: 0x0000000701c00000, size: 4068 MB, Compressed Oops mode: Zero based, Oop shift amount: 3

CDS archive(s) mapped at: [0x0000000000000000-0x0000000000000000-0x0000000000000000), size 0, SharedBaseAddress: 0x0000000800000000, ArchiveRelocationMode: 1.
Narrow klass base: 0x0000000000000000, Narrow klass shift: 0, Narrow klass range: 0x0

GC Precious Log:
 CardTable entry size: 512
 Card Set container configuration: InlinePtr #cards 4 size 8 Array Of Cards #cards 16 size 48 Howl #buckets 8 coarsen threshold 3686 Howl Bitmap #cards 512 size 80 coarsen threshold 460 Card regions per heap region 1 cards per card region 4096

Heap:
 garbage-first heap   total reserved 4165632K, committed 0K, used 0K [0x0000000701c00000, 0x0000000800000000)
  region size 2048K, 0 young (0K), 0 survivors (0K)

[error occurred during error reporting (printing heap information), id 0xc0000005, EXCEPTION_ACCESS_VIOLATION (0xc0000005) at pc=0x000007fec305c3b9]
GC Heap History (0 events):
No events

Dll operation events (1 events):
Event: 0.093 Loaded shared library C:\Users\sboda\.jdks\openjdk-23\bin\java.dll

Deoptimization events (0 events):
No events

Classes loaded (0 events):
No events

Classes unloaded (0 events):
No events

Classes redefined (0 events):
No events

Internal exceptions (0 events):
No events

VM Operations (0 events):
No events

Memory protections (0 events):
No events

Nmethod flushes (0 events):
No events

Events (0 events):
No events


Dynamic libraries:
0x000000013f7c0000 - 0x000000013f7ce000 	C:\Users\sboda\.jdks\openjdk-23\bin\java.exe
0x00000000779d0000 - 0x0000000077b6f000 	C:\Windows\SYSTEM32\ntdll.dll
0x00000000778b0000 - 0x00000000779cf000 	C:\Windows\system32\kernel32.dll
0x000007fefd560000 - 0x000007fefd5c7000 	C:\Windows\system32\KERNELBASE.dll
0x00000000661a0000 - 0x00000000664d2000 	C:\Program Files (x86)\Norton Security with Backup\NortonData\22.5.4.24\Definitions\IPSDefs\20240920.064\IPSEng64.dll
0x000007fefe5e0000 - 0x000007fefe6bb000 	C:\Windows\system32\ADVAPI32.dll
0x000007feff980000 - 0x000007feffa1f000 	C:\Windows\system32\msvcrt.dll
0x000007fefd990000 - 0x000007fefd9af000 	C:\Windows\SYSTEM32\sechost.dll
0x000007feffab0000 - 0x000007feffbdc000 	C:\Windows\system32\RPCRT4.dll
0x0000000077b80000 - 0x0000000077b87000 	C:\Windows\system32\PSAPI.DLL
0x000007fec8fc0000 - 0x000007fec8fd7000 	C:\Users\sboda\.jdks\openjdk-23\bin\jli.dll
0x000007fefbd90000 - 0x000007fefbf85000 	C:\Windows\WinSxS\amd64_microsoft.windows.common-controls_6595b64144ccf1df_6.0.7601.24483_none_e372d88f30fbb845\COMCTL32.dll
0x000007fefe1c0000 - 0x000007fefe227000 	C:\Windows\system32\GDI32.dll
0x00000000777b0000 - 0x00000000778ab000 	C:\Windows\system32\USER32.dll
0x000007fefd960000 - 0x000007fefd96e000 	C:\Windows\system32\LPK.dll
0x000007fefe4b0000 - 0x000007fefe57b000 	C:\Windows\system32\USP10.dll
0x000007fefd8e0000 - 0x000007fefd951000 	C:\Windows\system32\SHLWAPI.dll
0x000007fec8fa0000 - 0x000007fec8fbb000 	C:\Users\sboda\.jdks\openjdk-23\bin\VCRUNTIME140.dll
0x000007fee1d90000 - 0x000007fee1d95000 	C:\Users\sboda\.jdks\openjdk-23\bin\api-ms-win-crt-runtime-l1-1-0.dll
0x000007fec3700000 - 0x000007fec3811000 	C:\Users\sboda\.jdks\openjdk-23\bin\ucrtbase.DLL
0x000007feceec0000 - 0x000007feceec4000 	C:\Users\sboda\.jdks\openjdk-23\bin\api-ms-win-core-file-l1-2-0.dll
0x000007fec8f90000 - 0x000007fec8f94000 	C:\Users\sboda\.jdks\openjdk-23\bin\api-ms-win-core-localization-l1-2-0.dll
0x000007fec8f80000 - 0x000007fec8f84000 	C:\Users\sboda\.jdks\openjdk-23\bin\api-ms-win-core-processthreads-l1-1-1.dll
0x000007fec7c60000 - 0x000007fec7c64000 	C:\Users\sboda\.jdks\openjdk-23\bin\api-ms-win-core-timezone-l1-1-0.dll
0x000007fec7c50000 - 0x000007fec7c54000 	C:\Users\sboda\.jdks\openjdk-23\bin\api-ms-win-core-file-l2-1-0.dll
0x000007fec69a0000 - 0x000007fec69a4000 	C:\Users\sboda\.jdks\openjdk-23\bin\api-ms-win-core-synch-l1-2-0.dll
0x000007fec6990000 - 0x000007fec6994000 	C:\Users\sboda\.jdks\openjdk-23\bin\api-ms-win-crt-heap-l1-1-0.dll
0x000007fec6160000 - 0x000007fec6165000 	C:\Users\sboda\.jdks\openjdk-23\bin\api-ms-win-crt-string-l1-1-0.dll
0x000007fec6150000 - 0x000007fec6155000 	C:\Users\sboda\.jdks\openjdk-23\bin\api-ms-win-crt-stdio-l1-1-0.dll
0x000007fec60c0000 - 0x000007fec60c5000 	C:\Users\sboda\.jdks\openjdk-23\bin\api-ms-win-crt-convert-l1-1-0.dll
0x000007fec60b0000 - 0x000007fec60b4000 	C:\Users\sboda\.jdks\openjdk-23\bin\api-ms-win-crt-environment-l1-1-0.dll
0x000007fec60a0000 - 0x000007fec60a4000 	C:\Users\sboda\.jdks\openjdk-23\bin\api-ms-win-crt-filesystem-l1-1-0.dll
0x000007fec6090000 - 0x000007fec6096000 	C:\Users\sboda\.jdks\openjdk-23\bin\api-ms-win-crt-math-l1-1-0.dll
0x000007fec6080000 - 0x000007fec6084000 	C:\Users\sboda\.jdks\openjdk-23\bin\api-ms-win-crt-locale-l1-1-0.dll
0x000007feffa80000 - 0x000007feffaae000 	C:\Windows\system32\IMM32.DLL
0x000007fefd9b0000 - 0x000007fefdabb000 	C:\Windows\system32\MSCTF.dll
0x000007fefd450000 - 0x000007fefd481000 	C:\Windows\system32\nvinitx.dll
0x000007fefd440000 - 0x000007fefd44c000 	C:\Windows\system32\VERSION.dll
0x000000000f000000 - 0x000000000f006000 	C:\Program Files\NVIDIA Corporation\CoProcManager\detoured.dll
0x000007fefaa30000 - 0x000007fefaa62000 	C:\Program Files\NVIDIA Corporation\CoProcManager\nvd3d9wrapx.dll
0x000007fefe2d0000 - 0x000007fefe4a7000 	C:\Windows\system32\SETUPAPI.dll
0x000007fefd6d0000 - 0x000007fefd706000 	C:\Windows\system32\CFGMGR32.dll
0x000007feffbe0000 - 0x000007feffcbb000 	C:\Windows\system32\OLEAUT32.dll
0x000007fefdc50000 - 0x000007fefde4f000 	C:\Windows\system32\ole32.dll
0x000007fefd690000 - 0x000007fefd6aa000 	C:\Windows\system32\DEVOBJ.dll
0x000007fefaa00000 - 0x000007fefaa22000 	C:\Program Files\NVIDIA Corporation\CoProcManager\nvdxgiwrapx.dll
0x000007fec6070000 - 0x000007fec607c000 	C:\Users\sboda\.jdks\openjdk-23\bin\vcruntime140_1.dll
0x000007fec3670000 - 0x000007fec36fe000 	C:\Users\sboda\.jdks\openjdk-23\bin\msvcp140.dll
0x000007fec6060000 - 0x000007fec6064000 	C:\Users\sboda\.jdks\openjdk-23\bin\api-ms-win-crt-time-l1-1-0.dll
0x000007fec5f50000 - 0x000007fec5f54000 	C:\Users\sboda\.jdks\openjdk-23\bin\api-ms-win-crt-utility-l1-1-0.dll
0x000007fec2920000 - 0x000007fec366f000 	C:\Users\sboda\.jdks\openjdk-23\bin\server\jvm.dll
0x000007fefc400000 - 0x000007fefc42c000 	C:\Windows\system32\POWRPROF.dll
0x000007fefe580000 - 0x000007fefe5cd000 	C:\Windows\system32\WS2_32.dll
0x000007fefe5d0000 - 0x000007fefe5d8000 	C:\Windows\system32\NSI.dll
0x000007fefb080000 - 0x000007fefb0bb000 	C:\Windows\system32\WINMM.dll
0x000007fec5f40000 - 0x000007fec5f4a000 	C:\Users\sboda\.jdks\openjdk-23\bin\jimage.dll
0x000007feeeab0000 - 0x000007feeebd5000 	C:\Windows\system32\DBGHELP.DLL
0x000007fec50d0000 - 0x000007fec50df000 	C:\Users\sboda\.jdks\openjdk-23\bin\instrument.dll
0x000007fec50e0000 - 0x000007fec50fe000 	C:\Users\sboda\.jdks\openjdk-23\bin\java.dll
0x000007fefe6c0000 - 0x000007feff44b000 	C:\Windows\system32\SHELL32.dll

dbghelp: loaded successfully - version: 4.0.5 - missing functions: none
symbol engine: initialized successfully - sym options: 0x614 - pdb path: .;C:\Users\sboda\.jdks\openjdk-23\bin;C:\Windows\SYSTEM32;C:\Program Files (x86)\Norton Security with Backup\NortonData\22.5.4.24\Definitions\IPSDefs\20240920.064;C:\Windows\WinSxS\amd64_microsoft.windows.common-controls_6595b64144ccf1df_6.0.7601.24483_none_e372d88f30fbb845;C:\Program Files\NVIDIA Corporation\CoProcManager;C:\Users\sboda\.jdks\openjdk-23\bin\server

VM Arguments:
jvm_args: -javaagent:C:\Program Files\JetBrains\IntelliJ IDEA 2024.2.2\lib\idea_rt.jar=51974:C:\Program Files\JetBrains\IntelliJ IDEA 2024.2.2\bin -Dfile.encoding=UTF-8 -Dsun.stdout.encoding=UTF-8 -Dsun.stderr.encoding=UTF-8 
java_command: Main
java_class_path (initial): C:\Users\sboda\IdeaProjects\Exercises\out\production\Exercises
Launcher Type: SUN_STANDARD

[Global flags]
     intx CICompilerCount                          = 4                                         {product} {ergonomic}
     uint ConcGCThreads                            = 2                                         {product} {ergonomic}
     uint G1ConcRefinementThreads                  = 8                                         {product} {ergonomic}
   size_t G1HeapRegionSize                         = 2097152                                   {product} {ergonomic}
   size_t InitialHeapSize                          = 268435456                                 {product} {ergonomic}
   size_t MarkStackSize                            = 4194304                                   {product} {ergonomic}
   size_t MarkStackSizeMax                         = 536870912                                 {product} {ergonomic}
   size_t MaxHeapSize                              = 4265607168                                {product} {ergonomic}
   size_t MinHeapDeltaBytes                        = 2097152                                   {product} {ergonomic}
   size_t MinHeapSize                              = 8388608                                   {product} {ergonomic}
    uintx NonNMethodCodeHeapSize                   = 5832704                                {pd product} {ergonomic}
    uintx NonProfiledCodeHeapSize                  = 122945536                              {pd product} {ergonomic}
     bool PerfDisableSharedMem                     = true                                      {product} {ergonomic}
    uintx ProfiledCodeHeapSize                     = 122880000                              {pd product} {ergonomic}
    uintx ReservedCodeCacheSize                    = 251658240                              {pd product} {ergonomic}
     bool SegmentedCodeCache                       = true                                      {product} {ergonomic}
   size_t SoftMaxHeapSize                          = 4265607168                             {manageable} {ergonomic}
     bool UseCompressedOops                        = true                           {product lp64_product} {ergonomic}
     bool UseG1GC                                  = true                                      {product} {ergonomic}
     bool UseLargePagesIndividualAllocation        = false                                  {pd product} {ergonomic}

Logging:
Log output configuration:
 #0: stdout all=warning uptime,level,tags foldmultilines=false
 #1: stderr all=off uptime,level,tags foldmultilines=false

Environment Variables:
PATH=C:\Program Files (x86)\Common Files\Oracle\Java\javapath;C:\Program Files (x86)\Intel\iCLS Client\;C:\Program Files\Intel\iCLS Client\;C:\ProgramData\Oracle\Java\javapath;C:\Windows\system32;C:\Windows;C:\Windows\System32\Wbem;C:\Windows\System32\WindowsPowerShell\v1.0\;C:\Program Files\Intel\WiFi\bin\;C:\Program Files\Common Files\Intel\WirelessCommon\;C:\Program Files\Intel\Intel(R) Management Engine Components\DAL;C:\Program Files\Intel\Intel(R) Management Engine Components\IPT;C:\Program Files (x86)\Intel\Intel(R) Management Engine Components\DAL;C:\Program Files (x86)\Intel\Intel(R) Management Engine Components\IPT;C:\Program Files (x86)\NVIDIA Corporation\PhysX\Common;C:\Program Files (x86)\Windows Live\Shared;C:\Program Files (x86)\BIOVIA\BIOVIA Draw 2017\;C:\Program Files\PuTTY\;C:\Program Files (x86)\Intel\iCLS Client\;C:\Program Files\Intel\iCLS Client\;C:\ProgramData\Oracle\Java\javapath;C:\Windows\system32;C:\Windows;C:\Windows\System32\Wbem;C:\Windows\System32\WindowsPowerShell\v1.0\;C:\Program Files (x86)\Skype\Phone\;C:\Program Files\Intel\WiFi\bin\;C:\Program Files\Common Files\Intel\WirelessCommon\;C:\Program Files\Intel\Intel(R) Management Engine Components\DAL;C:\Program Files\Intel\Intel(R) Management Engine Components\IPT;C:\Program Files (x86)\Intel\Intel(R) Management Engine Components\DAL;C:\Program Files (x86)\Intel\Intel(R) Management Engine Components\IPT;C:\Program Files (x86)\Common Files\Acronis\SnapAPI\;C:\Program Files (x86)\Acronis\CommandLineTool\;C:\Program Files (x86)\NVIDIA Corporation\PhysX\Common;C:\Program Files\Intel\WiFi\bin\;C:\Program Files\Common Files\Intel\WirelessCommon\;C:\Program Files (x86)\Vensim\
USERNAME=sboda
OS=Windows_NT
PROCESSOR_IDENTIFIER=Intel64 Family 6 Model 60 Stepping 3, GenuineIntel
TMP=C:\Users\sboda\AppData\Local\Temp
TEMP=C:\Users\sboda\AppData\Local\Temp




Periodic native trim disabled

---------------  S Y S T E M  ---------------

OS:
 Windows 7 , 64 bit Build 7601 (6.1.7601.24545)
OS uptime: 1 days 18:40 hours

CPU: total 8 (initial active 8) (4 cores per cpu, 2 threads per core) family 6 model 60 stepping 3 microcode 0x0, cx8, cmov, fxsr, ht, mmx, sse, sse2, sse3, ssse3, sse4.1, sse4.2, popcnt, lzcnt, tsc, tscinvbit, avx, avx2, aes, erms, clmul, bmi1, bmi2, fma, vzeroupper, clflush, rdtscp, f16c
Processor Information for the first 8 processors :
  Max Mhz: 2501, Current Mhz: 2501, Mhz Limit: 2501

Memory: 4k page, system-wide physical 16267M (1496M free)
TotalPageFile size 16265M (AvailPageFile size 43M)
current process WorkingSet (physical memory assigned to process): 14M, peak: 14M
current process commit charge ("private bytes"): 73M, peak: 329M

vm_info: OpenJDK 64-Bit Server VM (23+37-2369) for windows-amd64 JRE (23+37-2369), built on 2024-08-20T16:01:23Z with MS VC++ 17.6 (VS2022)

END.
